Arguments: 
  /home/wangzx/.fnm/node-versions/v14.18.1/installation/bin/node /tmp/fnm_multishells/1410_1636372115485/bin/yarn

PATH: 
  /home/wangzx/.local/bin:/tmp/fnm_multishells/1410_1636372115485/bin:/home/wangzx/.fnm:/usr/local/sbin:/usr/local/bin:/usr/sbin:/usr/bin:/sbin:/bin:/usr/games:/usr/local/games:/usr/lib/wsl/lib:/mnt/c/WINDOWS/system32:/mnt/c/WINDOWS:/mnt/c/WINDOWS/System32/Wbem:/mnt/c/WINDOWS/System32/WindowsPowerShell/v1.0/:/mnt/c/WINDOWS/System32/OpenSSH/:/mnt/d/Node/:/mnt/d/Git/cmd:/mnt/c/Program Files/Docker/Docker/resources/bin:/mnt/c/ProgramData/DockerDesktop/version-bin:/mnt/d/XShell/:/mnt/d/XFtp/:/mnt/c/Users/w1132/AppData/Local/Microsoft/WindowsApps:/mnt/d/BindZip/:/mnt/c/Users/w1132/AppData/Roaming/npm:/mnt/d/Microsoft VS Code/bin:/snap/bin

Yarn version: 
  1.22.17

Node version: 
  14.18.1

Platform: 
  linux x64

Trace: 
  Error: https://registry.yarnpkg.com/vite: ETIMEDOUT
      at Timeout._onTimeout (/home/wangzx/.fnm/node-versions/v14.18.1/installation/lib/node_modules/yarn/lib/cli.js:141543:19)
      at listOnTimeout (internal/timers.js:557:17)
      at processTimers (internal/timers.js:500:7)

npm manifest: 
  {
    "name": "webgl_1",
    "version": "0.0.0",
    "scripts": {
      "dev": "vite",
      "build": "vite build",
      "serve": "vite preview"
    },
    "devDependencies": {
      "vite": "^2.6.4"
    }
  }

yarn manifest: 
  No manifest

Lockfile: 
  No lockfile
